E:\habiancheng\daxiong-Canvas\main.py:214: DeprecationWarning: 
        on_event is deprecated, use lifespan event handlers instead.

        Read more about it in the
        [FastAPI docs for Lifespan Events](https://fastapi.tiangolo.com/advanced/events/).
        
  @app.on_event("startup")
INFO:     Started server process [85736]
INFO:     Waiting for application startup.
INFO:     Application startup complete.
INFO:     Uvicorn running on http://127.0.0.1:3000 (Press CTRL+C to quit)
INFO:     127.0.0.1:19680 - "WebSocket /ws/stats?client_id=canvas_smart_mxgb9elpiuk7" [accepted]
INFO:     connection open
INFO:     connection closed
INFO:     127.0.0.1:42118 - "WebSocket /ws/stats?client_id=canvas_smart_vkzvcpjwswet" [accepted]
INFO:     connection open
Exception in callback _ProactorBasePipeTransport._call_connection_lost(None)
handle: <Handle _ProactorBasePipeTransport._call_connection_lost(None)>
Traceback (most recent call last):
  File "asyncio\events.py", line 80, in _run
  File "asyncio\proactor_events.py", line 165, in _call_connection_lost
ConnectionResetError: [WinError 10054] 远程主机强迫关闭了一个现有的连接。
INFO:     connection closed
INFO:     127.0.0.1:12223 - "WebSocket /ws/stats?client_id=canvas_smart_4j6u0fq2wbv6" [accepted]
INFO:     connection open
INFO:     connection closed
INFO:     127.0.0.1:35002 - "WebSocket /ws/stats?client_id=canvas_smart_5coehevncnfa" [accepted]
INFO:     connection open
Exception in callback _ProactorBasePipeTransport._call_connection_lost(None)
handle: <Handle _ProactorBasePipeTransport._call_connection_lost(None)>
Traceback (most recent call last):
  File "asyncio\events.py", line 80, in _run
  File "asyncio\proactor_events.py", line 165, in _call_connection_lost
ConnectionResetError: [WinError 10054] 远程主机强迫关闭了一个现有的连接。
Exception in callback _ProactorBasePipeTransport._call_connection_lost(None)
handle: <Handle _ProactorBasePipeTransport._call_connection_lost(None)>
Traceback (most recent call last):
  File "asyncio\events.py", line 80, in _run
  File "asyncio\proactor_events.py", line 165, in _call_connection_lost
ConnectionResetError: [WinError 10054] 远程主机强迫关闭了一个现有的连接。
