E:\habiancheng\daxiong-Canvas\main.py:210: DeprecationWarning: 
        on_event is deprecated, use lifespan event handlers instead.

        Read more about it in the
        [FastAPI docs for Lifespan Events](https://fastapi.tiangolo.com/advanced/events/).
        
  @app.on_event("startup")
INFO:     Started server process [74296]
INFO:     Waiting for application startup.
INFO:     Application startup complete.
INFO:     Uvicorn running on http://127.0.0.1:3000 (Press CTRL+C to quit)
E:\habiancheng\daxiong-Canvas\main.py:10414: PydanticDeprecatedSince20: The `dict` method is deprecated; use `model_dump` instead. Deprecated in Pydantic V2.0 to be removed in V3.0. See Pydantic V2 Migration Guide at https://errors.pydantic.dev/2.13/migration/
  "payload": payload.dict(),
E:\habiancheng\daxiong-Canvas\main.py:10202: PydanticDeprecatedSince20: The `dict` method is deprecated; use `model_dump` instead. Deprecated in Pydantic V2.0 to be removed in V3.0. See Pydantic V2 Migration Guide at https://errors.pydantic.dev/2.13/migration/
  refs = [ref.dict() for ref in payload.reference_images if ref.url]
INFO:     127.0.0.1:43127 - "WebSocket /ws/stats?client_id=e7524373-f333-4697-b887-9c92f0389443" [accepted]
INFO:     connection open
INFO:     connection closed
INFO:     127.0.0.1:13898 - "WebSocket /ws/stats?client_id=e7524373-f333-4697-b887-9c92f0389443" [accepted]
INFO:     connection open
E:\habiancheng\daxiong-Canvas\main.py:10171: PydanticDeprecatedSince20: The `dict` method is deprecated; use `model_dump` instead. Deprecated in Pydantic V2.0 to be removed in V3.0. See Pydantic V2 Migration Guide at https://errors.pydantic.dev/2.13/migration/
  refs = [ref.dict() for ref in payload.reference_images if ref.url]
INFO:     connection closed
INFO:     127.0.0.1:46656 - "WebSocket /ws/stats?client_id=e7524373-f333-4697-b887-9c92f0389443" [accepted]
INFO:     connection open
INFO:     127.0.0.1:47719 - "WebSocket /ws/stats?client_id=1147ed40-8d36-4265-ace5-0bd07bdd3ab7" [accepted]
INFO:     connection open
E:\habiancheng\daxiong-Canvas\main.py:11053: PydanticDeprecatedSince20: The `dict` method is deprecated; use `model_dump` instead. Deprecated in Pydantic V2.0 to be removed in V3.0. See Pydantic V2 Migration Guide at https://errors.pydantic.dev/2.13/migration/
  "payload": payload.dict(),
E:\habiancheng\daxiong-Canvas\main.py:10977: PydanticDeprecatedSince20: The `dict` method is deprecated; use `model_dump` instead. Deprecated in Pydantic V2.0 to be removed in V3.0. See Pydantic V2 Migration Guide at https://errors.pydantic.dev/2.13/migration/
  refs = [ref.dict() for ref in payload.images if ref.url]
Exception in callback _ProactorBasePipeTransport._call_connection_lost(None)
handle: <Handle _ProactorBasePipeTransport._call_connection_lost(None)>
Traceback (most recent call last):
  File "asyncio\events.py", line 80, in _run
  File "asyncio\proactor_events.py", line 165, in _call_connection_lost
ConnectionResetError: [WinError 10054] 远程主机强迫关闭了一个现有的连接。
INFO:     connection closed
INFO:     127.0.0.1:14541 - "WebSocket /ws/stats?client_id=e7524373-f333-4697-b887-9c92f0389443" [accepted]
INFO:     connection open
INFO:     connection closed
INFO:     127.0.0.1:19482 - "WebSocket /ws/stats?client_id=1147ed40-8d36-4265-ace5-0bd07bdd3ab7" [accepted]
INFO:     connection open
INFO:     127.0.0.1:49857 - "WebSocket /ws/stats?client_id=e7524373-f333-4697-b887-9c92f0389443" [accepted]
INFO:     connection open
INFO:     127.0.0.1:64294 - "WebSocket /ws/stats?client_id=716ad45c-b149-469f-a9fb-c3e6fb037474" [accepted]
INFO:     connection open
INFO:     127.0.0.1:10959 - "WebSocket /ws/stats?client_id=716ad45c-b149-469f-a9fb-c3e6fb037474" [accepted]
INFO:     connection open
INFO:     connection closed
INFO:     connection closed
Exception in callback _ProactorBasePipeTransport._call_connection_lost(None)
handle: <Handle _ProactorBasePipeTransport._call_connection_lost(None)>
Traceback (most recent call last):
  File "asyncio\events.py", line 80, in _run
  File "asyncio\proactor_events.py", line 165, in _call_connection_lost
ConnectionResetError: [WinError 10054] 远程主机强迫关闭了一个现有的连接。
INFO:     127.0.0.1:10488 - "WebSocket /ws/stats?client_id=716ad45c-b149-469f-a9fb-c3e6fb037474" [accepted]
INFO:     connection open
INFO:     connection closed
INFO:     127.0.0.1:14700 - "WebSocket /ws/stats?client_id=e7524373-f333-4697-b887-9c92f0389443" [accepted]
INFO:     connection open
Exception in callback _ProactorBasePipeTransport._call_connection_lost(None)
handle: <Handle _ProactorBasePipeTransport._call_connection_lost(None)>
Traceback (most recent call last):
  File "asyncio\events.py", line 80, in _run
  File "asyncio\proactor_events.py", line 165, in _call_connection_lost
ConnectionResetError: [WinError 10054] 远程主机强迫关闭了一个现有的连接。
Exception in callback _ProactorBasePipeTransport._call_connection_lost(None)
handle: <Handle _ProactorBasePipeTransport._call_connection_lost(None)>
Traceback (most recent call last):
  File "asyncio\events.py", line 80, in _run
  File "asyncio\proactor_events.py", line 165, in _call_connection_lost
ConnectionResetError: [WinError 10054] 远程主机强迫关闭了一个现有的连接。
INFO:     connection closed
INFO:     127.0.0.1:38380 - "WebSocket /ws/stats?client_id=716ad45c-b149-469f-a9fb-c3e6fb037474" [accepted]
INFO:     connection open
INFO:     connection closed
INFO:     127.0.0.1:50954 - "WebSocket /ws/stats?client_id=e7524373-f333-4697-b887-9c92f0389443" [accepted]
INFO:     connection open
INFO:     127.0.0.1:14819 - "WebSocket /ws/stats?client_id=78561f4b-03d1-49c5-8ae9-8e5d4187fc9e" [accepted]
INFO:     connection open
INFO:     127.0.0.1:18287 - "WebSocket /ws/stats?client_id=78561f4b-03d1-49c5-8ae9-8e5d4187fc9e" [accepted]
INFO:     connection open
Exception in callback _ProactorBasePipeTransport._call_connection_lost(None)
handle: <Handle _ProactorBasePipeTransport._call_connection_lost(None)>
Traceback (most recent call last):
  File "asyncio\events.py", line 80, in _run
  File "asyncio\proactor_events.py", line 165, in _call_connection_lost
ConnectionResetError: [WinError 10054] 远程主机强迫关闭了一个现有的连接。
Exception in callback _ProactorBasePipeTransport._call_connection_lost(None)
handle: <Handle _ProactorBasePipeTransport._call_connection_lost(None)>
Traceback (most recent call last):
  File "asyncio\events.py", line 80, in _run
  File "asyncio\proactor_events.py", line 165, in _call_connection_lost
ConnectionResetError: [WinError 10054] 远程主机强迫关闭了一个现有的连接。
Exception in callback _ProactorBasePipeTransport._call_connection_lost(None)
handle: <Handle _ProactorBasePipeTransport._call_connection_lost(None)>
Traceback (most recent call last):
  File "asyncio\events.py", line 80, in _run
  File "asyncio\proactor_events.py", line 165, in _call_connection_lost
ConnectionResetError: [WinError 10054] 远程主机强迫关闭了一个现有的连接。
Exception in callback _ProactorBasePipeTransport._call_connection_lost(None)
handle: <Handle _ProactorBasePipeTransport._call_connection_lost(None)>
Traceback (most recent call last):
  File "asyncio\events.py", line 80, in _run
  File "asyncio\proactor_events.py", line 165, in _call_connection_lost
ConnectionResetError: [WinError 10054] 远程主机强迫关闭了一个现有的连接。
Exception in callback _ProactorBasePipeTransport._call_connection_lost(None)
handle: <Handle _ProactorBasePipeTransport._call_connection_lost(None)>
Traceback (most recent call last):
  File "asyncio\events.py", line 80, in _run
  File "asyncio\proactor_events.py", line 165, in _call_connection_lost
ConnectionResetError: [WinError 10054] 远程主机强迫关闭了一个现有的连接。
INFO:     connection closed
INFO:     connection closed
INFO:     127.0.0.1:59332 - "WebSocket /ws/stats?client_id=fd17e5bd-1d97-47a6-a419-0ebf26068d74" [accepted]
INFO:     connection open
INFO:     127.0.0.1:60609 - "WebSocket /ws/stats?client_id=fd17e5bd-1d97-47a6-a419-0ebf26068d74" [accepted]
INFO:     connection open
INFO:     connection closed
INFO:     connection closed
INFO:     connection closed
INFO:     127.0.0.1:12922 - "WebSocket /ws/stats?client_id=1147ed40-8d36-4265-ace5-0bd07bdd3ab7" [accepted]
INFO:     connection open
