E:\habiancheng\daxiong-Canvas\main.py:214: DeprecationWarning: 
        on_event is deprecated, use lifespan event handlers instead.

        Read more about it in the
        [FastAPI docs for Lifespan Events](https://fastapi.tiangolo.com/advanced/events/).
        
  @app.on_event("startup")
INFO:     Started server process [20088]
INFO:     Waiting for application startup.
INFO:     Application startup complete.
INFO:     Uvicorn running on http://127.0.0.1:3000 (Press CTRL+C to quit)
INFO:     127.0.0.1:39671 - "WebSocket /ws/stats?client_id=1147ed40-8d36-4265-ace5-0bd07bdd3ab7" [accepted]
INFO:     connection open
Exception in callback _ProactorBasePipeTransport._call_connection_lost(None)
handle: <Handle _ProactorBasePipeTransport._call_connection_lost(None)>
Traceback (most recent call last):
  File "asyncio\events.py", line 80, in _run
  File "asyncio\proactor_events.py", line 165, in _call_connection_lost
ConnectionResetError: [WinError 10054] 远程主机强迫关闭了一个现有的连接。
Exception in callback _ProactorBasePipeTransport._call_connection_lost(None)
handle: <Handle _ProactorBasePipeTransport._call_connection_lost(None)>
Traceback (most recent call last):
  File "asyncio\events.py", line 80, in _run
  File "asyncio\proactor_events.py", line 165, in _call_connection_lost
ConnectionResetError: [WinError 10054] 远程主机强迫关闭了一个现有的连接。
Exception in callback _ProactorBasePipeTransport._call_connection_lost(None)
handle: <Handle _ProactorBasePipeTransport._call_connection_lost(None)>
Traceback (most recent call last):
  File "asyncio\events.py", line 80, in _run
  File "asyncio\proactor_events.py", line 165, in _call_connection_lost
ConnectionResetError: [WinError 10054] 远程主机强迫关闭了一个现有的连接。
Exception in callback _ProactorBasePipeTransport._call_connection_lost(None)
handle: <Handle _ProactorBasePipeTransport._call_connection_lost(None)>
Traceback (most recent call last):
  File "asyncio\events.py", line 80, in _run
  File "asyncio\proactor_events.py", line 165, in _call_connection_lost
ConnectionResetError: [WinError 10054] 远程主机强迫关闭了一个现有的连接。
E:\habiancheng\daxiong-Canvas\main.py:11164: PydanticDeprecatedSince20: The `dict` method is deprecated; use `model_dump` instead. Deprecated in Pydantic V2.0 to be removed in V3.0. See Pydantic V2 Migration Guide at https://errors.pydantic.dev/2.13/migration/
  "payload": payload.dict(),
E:\habiancheng\daxiong-Canvas\main.py:11001: PydanticDeprecatedSince20: The `dict` method is deprecated; use `model_dump` instead. Deprecated in Pydantic V2.0 to be removed in V3.0. See Pydantic V2 Migration Guide at https://errors.pydantic.dev/2.13/migration/
  refs = [ref.dict() for ref in payload.images if ref.url]
INFO:     connection closed
INFO:     127.0.0.1:30846 - "WebSocket /ws/stats?client_id=1147ed40-8d36-4265-ace5-0bd07bdd3ab7" [accepted]
INFO:     connection open
Exception in callback _ProactorBasePipeTransport._call_connection_lost(None)
handle: <Handle _ProactorBasePipeTransport._call_connection_lost(None)>
Traceback (most recent call last):
  File "asyncio\events.py", line 80, in _run
  File "asyncio\proactor_events.py", line 165, in _call_connection_lost
ConnectionResetError: [WinError 10054] 远程主机强迫关闭了一个现有的连接。
INFO:     127.0.0.1:60166 - "WebSocket /ws/stats?client_id=canvas_smart_zh1idcy3snuu" [accepted]
INFO:     connection open
Exception in callback _ProactorBasePipeTransport._call_connection_lost(None)
handle: <Handle _ProactorBasePipeTransport._call_connection_lost(None)>
Traceback (most recent call last):
  File "asyncio\events.py", line 80, in _run
  File "asyncio\proactor_events.py", line 165, in _call_connection_lost
ConnectionResetError: [WinError 10054] 远程主机强迫关闭了一个现有的连接。
INFO:     connection closed
INFO:     127.0.0.1:53833 - "WebSocket /ws/stats?client_id=canvas_smart_yggkceaotnk5" [accepted]
INFO:     connection open
INFO:     connection closed
